[15-May-2020 04:25:59 UTC] PHP Warning:  PHP Startup: Unable to load dynamic library 'php_imagick.dll' (tried: C:/Users/dev/AppData/Roaming/Local/lightning-services/php-7.4.1+8/bin/win64/ext\php_imagick.dll (The specified module could not be found.), C:/Users/dev/AppData/Roaming/Local/lightning-services/php-7.4.1+8/bin/win64/ext\php_php_imagick.dll.dll (The specified module could not be found.)) in Unknown on line 0
[15-May-2020 13:56:29 UTC] PHP Warning:  PHP Startup: Unable to load dynamic library 'php_imagick.dll' (tried: C:/Users/dev/AppData/Roaming/Local/lightning-services/php-7.4.1+8/bin/win64/ext\php_imagick.dll (The specified module could not be found.), C:/Users/dev/AppData/Roaming/Local/lightning-services/php-7.4.1+8/bin/win64/ext\php_php_imagick.dll.dll (The specified module could not be found.)) in Unknown on line 0
[15-May-2020 21:06:23 UTC] PHP Warning:  PHP Startup: Unable to load dynamic library 'php_imagick.dll' (tried: C:/Users/dev/AppData/Roaming/Local/lightning-services/php-7.4.1+8/bin/win64/ext\php_imagick.dll (The specified module could not be found.), C:/Users/dev/AppData/Roaming/Local/lightning-services/php-7.4.1+8/bin/win64/ext\php_php_imagick.dll.dll (The specified module could not be found.)) in Unknown on line 0
[15-May-2020 21:24:17 UTC] PHP Fatal error:  Uncaught Error: Undefined constant 'n' in C:\Users\dev\Local Sites\university\app\public\wp-content\themes\university-theme\index.php:4
Stack trace:
#0 C:\Users\dev\Local Sites\university\app\public\wp-content\themes\university-theme\index.php(7): add()
#1 C:\Users\dev\Local Sites\university\app\public\wp-includes\template-loader.php(106): include('C:\\Users\\dev\\Lo...')
#2 C:\Users\dev\Local Sites\university\app\public\wp-blog-header.php(19): require_once('C:\\Users\\dev\\Lo...')
#3 C:\Users\dev\Local Sites\university\app\public\index.php(17): require('C:\\Users\\dev\\Lo...')
#4 {main}
  thrown in C:\Users\dev\Local Sites\university\app\public\wp-content\themes\university-theme\index.php on line 4
[15-May-2020 21:42:56 UTC] PHP Warning:  PHP Startup: Unable to load dynamic library 'php_imagick.dll' (tried: C:/Users/dev/AppData/Roaming/Local/lightning-services/php-7.4.1+8/bin/win64/ext\php_imagick.dll (The specified module could not be found.), C:/Users/dev/AppData/Roaming/Local/lightning-services/php-7.4.1+8/bin/win64/ext\php_php_imagick.dll.dll (The specified module could not be found.)) in Unknown on line 0
[15-May-2020 21:43:08 UTC] PHP Warning:  PHP Startup: Unable to load dynamic library 'php_imagick.dll' (tried: C:/Users/dev/AppData/Roaming/Local/lightning-services/php-7.4.1+8/bin/win64/ext\php_imagick.dll (The specified module could not be found.), C:/Users/dev/AppData/Roaming/Local/lightning-services/php-7.4.1+8/bin/win64/ext\php_php_imagick.dll.dll (The specified module could not be found.)) in Unknown on line 0
[15-May-2020 21:49:13 UTC] PHP Warning:  PHP Startup: Unable to load dynamic library 'php_imagick.dll' (tried: C:/Users/dev/AppData/Roaming/Local/lightning-services/php-7.4.1+8/bin/win64/ext\php_imagick.dll (The specified module could not be found.), C:/Users/dev/AppData/Roaming/Local/lightning-services/php-7.4.1+8/bin/win64/ext\php_php_imagick.dll.dll (The specified module could not be found.)) in Unknown on line 0
[15-May-2020 21:51:56 UTC] PHP Parse error:  syntax error, unexpected '}', expecting ';' or ',' in C:\Users\dev\Local Sites\university\app\public\wp-content\themes\university-theme\index.php on line 8
[15-May-2020 21:52:04 UTC] PHP Parse error:  syntax error, unexpected '$count' (T_VARIABLE), expecting ';' or ',' in C:\Users\dev\Local Sites\university\app\public\wp-content\themes\university-theme\index.php on line 8
[16-May-2020 12:55:20 UTC] PHP Fatal error:  Uncaught Error: Call to undefined function length() in C:\Users\dev\Local Sites\university\app\public\wp-content\themes\university-theme\index.php:6
Stack trace:
#0 C:\Users\dev\Local Sites\university\app\public\wp-includes\template-loader.php(106): include()
#1 C:\Users\dev\Local Sites\university\app\public\wp-blog-header.php(19): require_once('C:\\Users\\dev\\Lo...')
#2 C:\Users\dev\Local Sites\university\app\public\index.php(17): require('C:\\Users\\dev\\Lo...')
#3 {main}
  thrown in C:\Users\dev\Local Sites\university\app\public\wp-content\themes\university-theme\index.php on line 6
[18-May-2020 21:25:40 UTC] PHP Warning:  PHP Startup: Unable to load dynamic library 'php_imagick.dll' (tried: C:/Users/dev/AppData/Roaming/Local/lightning-services/php-7.4.1+8/bin/win64/ext\php_imagick.dll (The specified module could not be found.), C:/Users/dev/AppData/Roaming/Local/lightning-services/php-7.4.1+8/bin/win64/ext\php_php_imagick.dll.dll (The specified module could not be found.)) in Unknown on line 0
[18-May-2020 21:25:44 UTC] PHP Warning:  PHP Startup: Unable to load dynamic library 'php_imagick.dll' (tried: C:/Users/dev/AppData/Roaming/Local/lightning-services/php-7.4.1+8/bin/win64/ext\php_imagick.dll (The specified module could not be found.), C:/Users/dev/AppData/Roaming/Local/lightning-services/php-7.4.1+8/bin/win64/ext\php_php_imagick.dll.dll (The specified module could not be found.)) in Unknown on line 0
[18-May-2020 21:40:08 UTC] PHP Parse error:  syntax error, unexpected '}' in C:\Users\dev\Local Sites\university\app\public\wp-content\themes\university-theme\functions.php on line 5
[18-May-2020 21:41:45 UTC] PHP Parse error:  syntax error, unexpected '}' in C:\Users\dev\Local Sites\university\app\public\wp-content\themes\university-theme\functions.php on line 5
[18-May-2020 21:41:45 UTC] PHP Parse error:  syntax error, unexpected '}' in C:\Users\dev\Local Sites\university\app\public\wp-content\themes\university-theme\functions.php on line 5
[18-May-2020 21:59:26 UTC] PHP Parse error:  syntax error, unexpected 'wp_enqueue_style' (T_STRING) in C:\Users\dev\Local Sites\university\app\public\wp-content\themes\university-theme\functions.php on line 5
[18-May-2020 22:01:33 UTC] PHP Parse error:  syntax error, unexpected 'wp_enqueue_style' (T_STRING) in C:\Users\dev\Local Sites\university\app\public\wp-content\themes\university-theme\functions.php on line 5
[18-May-2020 22:02:16 UTC] PHP Parse error:  syntax error, unexpected 'wp_enqueue_style' (T_STRING) in C:\Users\dev\Local Sites\university\app\public\wp-content\themes\university-theme\functions.php on line 5
[18-May-2020 22:03:34 UTC] PHP Parse error:  syntax error, unexpected 'wp_enqueue_style' (T_STRING) in C:\Users\dev\Local Sites\university\app\public\wp-content\themes\university-theme\functions.php on line 5
[18-May-2020 22:07:36 UTC] PHP Parse error:  syntax error, unexpected ':', expecting ')' in C:\Users\dev\Local Sites\university\app\public\wp-content\themes\university-theme\functions.php on line 4
[18-May-2020 22:09:26 UTC] PHP Parse error:  syntax error, unexpected 'wp_enqueue_style' (T_STRING) in C:\Users\dev\Local Sites\university\app\public\wp-content\themes\university-theme\functions.php on line 5
[18-May-2020 22:09:31 UTC] PHP Parse error:  syntax error, unexpected 'wp_enqueue_style' (T_STRING) in C:\Users\dev\Local Sites\university\app\public\wp-content\themes\university-theme\functions.php on line 5
[18-May-2020 22:17:18 UTC] PHP Parse error:  syntax error, unexpected 'wp_enqueue_style' (T_STRING), expecting ')' in C:\Users\dev\Local Sites\university\app\public\wp-content\themes\university-theme\functions.php on line 5
[19-May-2020 13:06:37 UTC] PHP Warning:  PHP Startup: Unable to load dynamic library 'php_imagick.dll' (tried: C:/Users/dev/AppData/Roaming/Local/lightning-services/php-7.4.1+8/bin/win64/ext\php_imagick.dll (The specified module could not be found.), C:/Users/dev/AppData/Roaming/Local/lightning-services/php-7.4.1+8/bin/win64/ext\php_php_imagick.dll.dll (The specified module could not be found.)) in Unknown on line 0
[19-May-2020 13:06:40 UTC] PHP Warning:  PHP Startup: Unable to load dynamic library 'php_imagick.dll' (tried: C:/Users/dev/AppData/Roaming/Local/lightning-services/php-7.4.1+8/bin/win64/ext\php_imagick.dll (The specified module could not be found.), C:/Users/dev/AppData/Roaming/Local/lightning-services/php-7.4.1+8/bin/win64/ext\php_php_imagick.dll.dll (The specified module could not be found.)) in Unknown on line 0
[19-May-2020 13:15:25 UTC] PHP Warning:  Use of undefined constant AO_CCSS_DIR - assumed 'AO_CCSS_DIR' (this will throw an Error in a future version of PHP) in C:\Users\dev\Local Sites\university\app\public\wp-content\plugins\autoptimize\classes\autoptimizeMain.php on line 607
[19-May-2020 13:15:25 UTC] PHP Stack trace:
[19-May-2020 13:15:25 UTC] PHP   1. {main}() C:\Users\dev\Local Sites\university\app\public\wp-admin\admin-ajax.php:0
[19-May-2020 13:15:25 UTC] PHP   2. do_action() C:\Users\dev\Local Sites\university\app\public\wp-admin\admin-ajax.php:175
[19-May-2020 13:15:25 UTC] PHP   3. WP_Hook->do_action() C:\Users\dev\Local Sites\university\app\public\wp-includes\plugin.php:478
[19-May-2020 13:15:25 UTC] PHP   4. WP_Hook->apply_filters() C:\Users\dev\Local Sites\university\app\public\wp-includes\class-wp-hook.php:311
[19-May-2020 13:15:25 UTC] PHP   5. wp_ajax_delete_plugin() C:\Users\dev\Local Sites\university\app\public\wp-includes\class-wp-hook.php:287
[19-May-2020 13:15:25 UTC] PHP   6. delete_plugins() C:\Users\dev\Local Sites\university\app\public\wp-admin\includes\ajax-actions.php:4545
[19-May-2020 13:15:25 UTC] PHP   7. uninstall_plugin() C:\Users\dev\Local Sites\university\app\public\wp-admin\includes\plugin.php:956
[19-May-2020 13:15:25 UTC] PHP   8. do_action() C:\Users\dev\Local Sites\university\app\public\wp-admin\includes\plugin.php:1246
[19-May-2020 13:15:25 UTC] PHP   9. WP_Hook->do_action() C:\Users\dev\Local Sites\university\app\public\wp-includes\plugin.php:478
[19-May-2020 13:15:25 UTC] PHP  10. WP_Hook->apply_filters() C:\Users\dev\Local Sites\university\app\public\wp-includes\class-wp-hook.php:311
[19-May-2020 13:15:25 UTC] PHP  11. autoptimizeMain::on_uninstall() C:\Users\dev\Local Sites\university\app\public\wp-includes\class-wp-hook.php:287
[19-May-2020 13:15:25 UTC] PHP Warning:  Use of undefined constant AO_CCSS_DIR - assumed 'AO_CCSS_DIR' (this will throw an Error in a future version of PHP) in C:\Users\dev\Local Sites\university\app\public\wp-content\plugins\autoptimize\classes\autoptimizeMain.php on line 608
[19-May-2020 13:15:25 UTC] PHP Stack trace:
[19-May-2020 13:15:25 UTC] PHP   1. {main}() C:\Users\dev\Local Sites\university\app\public\wp-admin\admin-ajax.php:0
[19-May-2020 13:15:25 UTC] PHP   2. do_action() C:\Users\dev\Local Sites\university\app\public\wp-admin\admin-ajax.php:175
[19-May-2020 13:15:25 UTC] PHP   3. WP_Hook->do_action() C:\Users\dev\Local Sites\university\app\public\wp-includes\plugin.php:478
[19-May-2020 13:15:25 UTC] PHP   4. WP_Hook->apply_filters() C:\Users\dev\Local Sites\university\app\public\wp-includes\class-wp-hook.php:311
[19-May-2020 13:15:25 UTC] PHP   5. wp_ajax_delete_plugin() C:\Users\dev\Local Sites\university\app\public\wp-includes\class-wp-hook.php:287
[19-May-2020 13:15:25 UTC] PHP   6. delete_plugins() C:\Users\dev\Local Sites\university\app\public\wp-admin\includes\ajax-actions.php:4545
[19-May-2020 13:15:25 UTC] PHP   7. uninstall_plugin() C:\Users\dev\Local Sites\university\app\public\wp-admin\includes\plugin.php:956
[19-May-2020 13:15:25 UTC] PHP   8. do_action() C:\Users\dev\Local Sites\university\app\public\wp-admin\includes\plugin.php:1246
[19-May-2020 13:15:25 UTC] PHP   9. WP_Hook->do_action() C:\Users\dev\Local Sites\university\app\public\wp-includes\plugin.php:478
[19-May-2020 13:15:25 UTC] PHP  10. WP_Hook->apply_filters() C:\Users\dev\Local Sites\university\app\public\wp-includes\class-wp-hook.php:311
[19-May-2020 13:15:25 UTC] PHP  11. autoptimizeMain::on_uninstall() C:\Users\dev\Local Sites\university\app\public\wp-includes\class-wp-hook.php:287
[19-May-2020 13:15:25 UTC] PHP Warning:  rmdir(AO_CCSS_DIR): No such file or directory in C:\Users\dev\Local Sites\university\app\public\wp-content\plugins\autoptimize\classes\autoptimizeMain.php on line 608
[19-May-2020 13:15:25 UTC] PHP Stack trace:
[19-May-2020 13:15:25 UTC] PHP   1. {main}() C:\Users\dev\Local Sites\university\app\public\wp-admin\admin-ajax.php:0
[19-May-2020 13:15:25 UTC] PHP   2. do_action() C:\Users\dev\Local Sites\university\app\public\wp-admin\admin-ajax.php:175
[19-May-2020 13:15:25 UTC] PHP   3. WP_Hook->do_action() C:\Users\dev\Local Sites\university\app\public\wp-includes\plugin.php:478
[19-May-2020 13:15:25 UTC] PHP   4. WP_Hook->apply_filters() C:\Users\dev\Local Sites\university\app\public\wp-includes\class-wp-hook.php:311
[19-May-2020 13:15:25 UTC] PHP   5. wp_ajax_delete_plugin() C:\Users\dev\Local Sites\university\app\public\wp-includes\class-wp-hook.php:287
[19-May-2020 13:15:25 UTC] PHP   6. delete_plugins() C:\Users\dev\Local Sites\university\app\public\wp-admin\includes\ajax-actions.php:4545
[19-May-2020 13:15:25 UTC] PHP   7. uninstall_plugin() C:\Users\dev\Local Sites\university\app\public\wp-admin\includes\plugin.php:956
[19-May-2020 13:15:25 UTC] PHP   8. do_action() C:\Users\dev\Local Sites\university\app\public\wp-admin\includes\plugin.php:1246
[19-May-2020 13:15:25 UTC] PHP   9. WP_Hook->do_action() C:\Users\dev\Local Sites\university\app\public\wp-includes\plugin.php:478
[19-May-2020 13:15:25 UTC] PHP  10. WP_Hook->apply_filters() C:\Users\dev\Local Sites\university\app\public\wp-includes\class-wp-hook.php:311
[19-May-2020 13:15:25 UTC] PHP  11. autoptimizeMain::on_uninstall() C:\Users\dev\Local Sites\university\app\public\wp-includes\class-wp-hook.php:287
[19-May-2020 13:15:25 UTC] PHP  12. rmdir() C:\Users\dev\Local Sites\university\app\public\wp-content\plugins\autoptimize\classes\autoptimizeMain.php:608
[19-May-2020 13:16:08 UTC] PHP Warning:  fopen(C:\Users\dev\Local Sites\university\app\public/wp-content/plugins/really-simple-ssl/rlrsssl-really-simple-ssl.php): failed to open stream: No such file or directory in C:\Users\dev\Local Sites\university\app\public\wp-includes\functions.php on line 5974
[19-May-2020 13:16:08 UTC] PHP Stack trace:
[19-May-2020 13:16:08 UTC] PHP   1. {main}() C:\Users\dev\Local Sites\university\app\public\wp-admin\admin-ajax.php:0
[19-May-2020 13:16:08 UTC] PHP   2. do_action() C:\Users\dev\Local Sites\university\app\public\wp-admin\admin-ajax.php:175
[19-May-2020 13:16:08 UTC] PHP   3. WP_Hook->do_action() C:\Users\dev\Local Sites\university\app\public\wp-includes\plugin.php:478
[19-May-2020 13:16:08 UTC] PHP   4. WP_Hook->apply_filters() C:\Users\dev\Local Sites\university\app\public\wp-includes\class-wp-hook.php:311
[19-May-2020 13:16:08 UTC] PHP   5. wp_ajax_delete_plugin() C:\Users\dev\Local Sites\university\app\public\wp-includes\class-wp-hook.php:287
[19-May-2020 13:16:08 UTC] PHP   6. get_plugin_data() C:\Users\dev\Local Sites\university\app\public\wp-admin\includes\ajax-actions.php:4515
[19-May-2020 13:16:08 UTC] PHP   7. get_file_data() C:\Users\dev\Local Sites\university\app\public\wp-admin\includes\plugin.php:86
[19-May-2020 13:16:08 UTC] PHP   8. fopen() C:\Users\dev\Local Sites\university\app\public\wp-includes\functions.php:5974
[19-May-2020 13:16:08 UTC] PHP Warning:  fread() expects parameter 1 to be resource, bool given in C:\Users\dev\Local Sites\university\app\public\wp-includes\functions.php on line 5977
[19-May-2020 13:16:08 UTC] PHP Stack trace:
[19-May-2020 13:16:08 UTC] PHP   1. {main}() C:\Users\dev\Local Sites\university\app\public\wp-admin\admin-ajax.php:0
[19-May-2020 13:16:08 UTC] PHP   2. do_action() C:\Users\dev\Local Sites\university\app\public\wp-admin\admin-ajax.php:175
[19-May-2020 13:16:08 UTC] PHP   3. WP_Hook->do_action() C:\Users\dev\Local Sites\university\app\public\wp-includes\plugin.php:478
[19-May-2020 13:16:08 UTC] PHP   4. WP_Hook->apply_filters() C:\Users\dev\Local Sites\university\app\public\wp-includes\class-wp-hook.php:311
[19-May-2020 13:16:08 UTC] PHP   5. wp_ajax_delete_plugin() C:\Users\dev\Local Sites\university\app\public\wp-includes\class-wp-hook.php:287
[19-May-2020 13:16:08 UTC] PHP   6. get_plugin_data() C:\Users\dev\Local Sites\university\app\public\wp-admin\includes\ajax-actions.php:4515
[19-May-2020 13:16:08 UTC] PHP   7. get_file_data() C:\Users\dev\Local Sites\university\app\public\wp-admin\includes\plugin.php:86
[19-May-2020 13:16:08 UTC] PHP   8. fread() C:\Users\dev\Local Sites\university\app\public\wp-includes\functions.php:5977
[19-May-2020 13:16:08 UTC] PHP Warning:  fclose() expects parameter 1 to be resource, bool given in C:\Users\dev\Local Sites\university\app\public\wp-includes\functions.php on line 5980
[19-May-2020 13:16:08 UTC] PHP Stack trace:
[19-May-2020 13:16:08 UTC] PHP   1. {main}() C:\Users\dev\Local Sites\university\app\public\wp-admin\admin-ajax.php:0
[19-May-2020 13:16:08 UTC] PHP   2. do_action() C:\Users\dev\Local Sites\university\app\public\wp-admin\admin-ajax.php:175
[19-May-2020 13:16:08 UTC] PHP   3. WP_Hook->do_action() C:\Users\dev\Local Sites\university\app\public\wp-includes\plugin.php:478
[19-May-2020 13:16:08 UTC] PHP   4. WP_Hook->apply_filters() C:\Users\dev\Local Sites\university\app\public\wp-includes\class-wp-hook.php:311
[19-May-2020 13:16:08 UTC] PHP   5. wp_ajax_delete_plugin() C:\Users\dev\Local Sites\university\app\public\wp-includes\class-wp-hook.php:287
[19-May-2020 13:16:08 UTC] PHP   6. get_plugin_data() C:\Users\dev\Local Sites\university\app\public\wp-admin\includes\ajax-actions.php:4515
[19-May-2020 13:16:08 UTC] PHP   7. get_file_data() C:\Users\dev\Local Sites\university\app\public\wp-admin\includes\plugin.php:86
[19-May-2020 13:16:08 UTC] PHP   8. fclose() C:\Users\dev\Local Sites\university\app\public\wp-includes\functions.php:5980
[19-May-2020 13:17:33 UTC] PHP Warning:  fopen(C:\Users\dev\Local Sites\university\app\public/wp-content/plugins/wordpress-seo/wp-seo.php): failed to open stream: No such file or directory in C:\Users\dev\Local Sites\university\app\public\wp-includes\functions.php on line 5974
[19-May-2020 13:17:33 UTC] PHP Stack trace:
[19-May-2020 13:17:33 UTC] PHP   1. {main}() C:\Users\dev\Local Sites\university\app\public\wp-admin\admin-ajax.php:0
[19-May-2020 13:17:33 UTC] PHP   2. do_action() C:\Users\dev\Local Sites\university\app\public\wp-admin\admin-ajax.php:175
[19-May-2020 13:17:33 UTC] PHP   3. WP_Hook->do_action() C:\Users\dev\Local Sites\university\app\public\wp-includes\plugin.php:478
[19-May-2020 13:17:33 UTC] PHP   4. WP_Hook->apply_filters() C:\Users\dev\Local Sites\university\app\public\wp-includes\class-wp-hook.php:311
[19-May-2020 13:17:33 UTC] PHP   5. wp_ajax_delete_plugin() C:\Users\dev\Local Sites\university\app\public\wp-includes\class-wp-hook.php:287
[19-May-2020 13:17:33 UTC] PHP   6. get_plugin_data() C:\Users\dev\Local Sites\university\app\public\wp-admin\includes\ajax-actions.php:4515
[19-May-2020 13:17:33 UTC] PHP   7. get_file_data() C:\Users\dev\Local Sites\university\app\public\wp-admin\includes\plugin.php:86
[19-May-2020 13:17:33 UTC] PHP   8. fopen() C:\Users\dev\Local Sites\university\app\public\wp-includes\functions.php:5974
[19-May-2020 13:17:33 UTC] PHP Warning:  fread() expects parameter 1 to be resource, bool given in C:\Users\dev\Local Sites\university\app\public\wp-includes\functions.php on line 5977
[19-May-2020 13:17:33 UTC] PHP Stack trace:
[19-May-2020 13:17:33 UTC] PHP   1. {main}() C:\Users\dev\Local Sites\university\app\public\wp-admin\admin-ajax.php:0
[19-May-2020 13:17:33 UTC] PHP   2. do_action() C:\Users\dev\Local Sites\university\app\public\wp-admin\admin-ajax.php:175
[19-May-2020 13:17:33 UTC] PHP   3. WP_Hook->do_action() C:\Users\dev\Local Sites\university\app\public\wp-includes\plugin.php:478
[19-May-2020 13:17:33 UTC] PHP   4. WP_Hook->apply_filters() C:\Users\dev\Local Sites\university\app\public\wp-includes\class-wp-hook.php:311
[19-May-2020 13:17:33 UTC] PHP   5. wp_ajax_delete_plugin() C:\Users\dev\Local Sites\university\app\public\wp-includes\class-wp-hook.php:287
[19-May-2020 13:17:33 UTC] PHP   6. get_plugin_data() C:\Users\dev\Local Sites\university\app\public\wp-admin\includes\ajax-actions.php:4515
[19-May-2020 13:17:33 UTC] PHP   7. get_file_data() C:\Users\dev\Local Sites\university\app\public\wp-admin\includes\plugin.php:86
[19-May-2020 13:17:33 UTC] PHP   8. fread() C:\Users\dev\Local Sites\university\app\public\wp-includes\functions.php:5977
[19-May-2020 13:17:33 UTC] PHP Warning:  fclose() expects parameter 1 to be resource, bool given in C:\Users\dev\Local Sites\university\app\public\wp-includes\functions.php on line 5980
[19-May-2020 13:17:33 UTC] PHP Stack trace:
[19-May-2020 13:17:33 UTC] PHP   1. {main}() C:\Users\dev\Local Sites\university\app\public\wp-admin\admin-ajax.php:0
[19-May-2020 13:17:33 UTC] PHP   2. do_action() C:\Users\dev\Local Sites\university\app\public\wp-admin\admin-ajax.php:175
[19-May-2020 13:17:33 UTC] PHP   3. WP_Hook->do_action() C:\Users\dev\Local Sites\university\app\public\wp-includes\plugin.php:478
[19-May-2020 13:17:33 UTC] PHP   4. WP_Hook->apply_filters() C:\Users\dev\Local Sites\university\app\public\wp-includes\class-wp-hook.php:311
[19-May-2020 13:17:33 UTC] PHP   5. wp_ajax_delete_plugin() C:\Users\dev\Local Sites\university\app\public\wp-includes\class-wp-hook.php:287
[19-May-2020 13:17:33 UTC] PHP   6. get_plugin_data() C:\Users\dev\Local Sites\university\app\public\wp-admin\includes\ajax-actions.php:4515
[19-May-2020 13:17:33 UTC] PHP   7. get_file_data() C:\Users\dev\Local Sites\university\app\public\wp-admin\includes\plugin.php:86
[19-May-2020 13:17:33 UTC] PHP   8. fclose() C:\Users\dev\Local Sites\university\app\public\wp-includes\functions.php:5980
[19-May-2020 13:24:13 UTC] PHP Warning:  PHP Startup: Unable to load dynamic library 'php_imagick.dll' (tried: C:/Users/dev/AppData/Roaming/Local/lightning-services/php-7.4.1+8/bin/win64/ext\php_imagick.dll (The specified module could not be found.), C:/Users/dev/AppData/Roaming/Local/lightning-services/php-7.4.1+8/bin/win64/ext\php_php_imagick.dll.dll (The specified module could not be found.)) in Unknown on line 0
[19-May-2020 13:24:50 UTC] PHP Warning:  PHP Startup: Unable to load dynamic library 'php_imagick.dll' (tried: C:/Users/dev/AppData/Roaming/Local/lightning-services/php-7.4.1+8/bin/win64/ext\php_imagick.dll (The specified module could not be found.), C:/Users/dev/AppData/Roaming/Local/lightning-services/php-7.4.1+8/bin/win64/ext\php_php_imagick.dll.dll (The specified module could not be found.)) in Unknown on line 0
[19-May-2020 21:37:56 UTC] PHP Warning:  PHP Startup: Unable to load dynamic library 'php_imagick.dll' (tried: C:/Users/dev/AppData/Roaming/Local/lightning-services/php-7.4.1+8/bin/win64/ext\php_imagick.dll (The specified module could not be found.), C:/Users/dev/AppData/Roaming/Local/lightning-services/php-7.4.1+8/bin/win64/ext\php_php_imagick.dll.dll (The specified module could not be found.)) in Unknown on line 0
[19-May-2020 21:38:00 UTC] PHP Warning:  PHP Startup: Unable to load dynamic library 'php_imagick.dll' (tried: C:/Users/dev/AppData/Roaming/Local/lightning-services/php-7.4.1+8/bin/win64/ext\php_imagick.dll (The specified module could not be found.), C:/Users/dev/AppData/Roaming/Local/lightning-services/php-7.4.1+8/bin/win64/ext\php_php_imagick.dll.dll (The specified module could not be found.)) in Unknown on line 0
[19-May-2020 21:49:07 UTC] PHP Fatal error:  Uncaught ArgumentCountError: Too few arguments to function wp_get_post_parent_id(), 0 passed in C:\Users\dev\Local Sites\university\app\public\wp-content\themes\university-theme\page.php on line 20 and exactly 1 expected in C:\Users\dev\Local Sites\university\app\public\wp-includes\post.php:6876
Stack trace:
#0 C:\Users\dev\Local Sites\university\app\public\wp-content\themes\university-theme\page.php(20): wp_get_post_parent_id()
#1 C:\Users\dev\Local Sites\university\app\public\wp-includes\template-loader.php(106): include('C:\\Users\\dev\\Lo...')
#2 C:\Users\dev\Local Sites\university\app\public\wp-blog-header.php(19): require_once('C:\\Users\\dev\\Lo...')
#3 C:\Users\dev\Local Sites\university\app\public\index.php(17): require('C:\\Users\\dev\\Lo...')
#4 {main}
  thrown in C:\Users\dev\Local Sites\university\app\public\wp-includes\post.php on line 6876
[20-May-2020 14:06:21 UTC] PHP Warning:  PHP Startup: Unable to load dynamic library 'php_imagick.dll' (tried: C:/Users/dev/AppData/Roaming/Local/lightning-services/php-7.4.1+8/bin/win64/ext\php_imagick.dll (The specified module could not be found.), C:/Users/dev/AppData/Roaming/Local/lightning-services/php-7.4.1+8/bin/win64/ext\php_php_imagick.dll.dll (The specified module could not be found.)) in Unknown on line 0
[20-May-2020 14:06:25 UTC] PHP Warning:  PHP Startup: Unable to load dynamic library 'php_imagick.dll' (tried: C:/Users/dev/AppData/Roaming/Local/lightning-services/php-7.4.1+8/bin/win64/ext\php_imagick.dll (The specified module could not be found.), C:/Users/dev/AppData/Roaming/Local/lightning-services/php-7.4.1+8/bin/win64/ext\php_php_imagick.dll.dll (The specified module could not be found.)) in Unknown on line 0
[20-May-2020 15:25:04 UTC] PHP Fatal error:  Uncaught Error: Call to undefined function findChildrenOf() in C:\Users\dev\Local Sites\university\app\public\wp-content\themes\university-theme\page.php:42
Stack trace:
#0 C:\Users\dev\Local Sites\university\app\public\wp-includes\template-loader.php(106): include()
#1 C:\Users\dev\Local Sites\university\app\public\wp-blog-header.php(19): require_once('C:\\Users\\dev\\Lo...')
#2 C:\Users\dev\Local Sites\university\app\public\index.php(17): require('C:\\Users\\dev\\Lo...')
#3 {main}
  thrown in C:\Users\dev\Local Sites\university\app\public\wp-content\themes\university-theme\page.php on line 42
[20-May-2020 15:26:22 UTC] PHP Fatal error:  Uncaught Error: Function name must be a string in C:\Users\dev\Local Sites\university\app\public\wp-content\themes\university-theme\page.php:43
Stack trace:
#0 C:\Users\dev\Local Sites\university\app\public\wp-includes\template-loader.php(106): include()
#1 C:\Users\dev\Local Sites\university\app\public\wp-blog-header.php(19): require_once('C:\\Users\\dev\\Lo...')
#2 C:\Users\dev\Local Sites\university\app\public\index.php(17): require('C:\\Users\\dev\\Lo...')
#3 {main}
  thrown in C:\Users\dev\Local Sites\university\app\public\wp-content\themes\university-theme\page.php on line 43
[20-May-2020 15:39:52 UTC] PHP Fatal error:  Uncaught Error: Call to undefined function blog_info() in C:\Users\dev\Local Sites\university\app\public\wp-content\themes\university-theme\header.php:7
Stack trace:
#0 C:\Users\dev\Local Sites\university\app\public\wp-includes\template.php(723): require_once()
#1 C:\Users\dev\Local Sites\university\app\public\wp-includes\template.php(672): load_template('C:\\Users\\dev\\Lo...', true)
#2 C:\Users\dev\Local Sites\university\app\public\wp-includes\general-template.php(41): locate_template(Array, true)
#3 C:\Users\dev\Local Sites\university\app\public\wp-content\themes\university-theme\index.php(2): get_header()
#4 C:\Users\dev\Local Sites\university\app\public\wp-includes\template-loader.php(106): include('C:\\Users\\dev\\Lo...')
#5 C:\Users\dev\Local Sites\university\app\public\wp-blog-header.php(19): require_once('C:\\Users\\dev\\Lo...')
#6 C:\Users\dev\Local Sites\university\app\public\index.php(17): require('C:\\Users\\dev\\Lo...')
#7 {main}
  thrown in C:\Users\dev\Local Sites\university\app\public\wp-content\themes\university-theme\header.php on line 7
[20-May-2020 15:44:52 UTC] PHP Parse error:  syntax error, unexpected 'add_theme_support' (T_STRING) in C:\Users\dev\Local Sites\university\app\public\wp-content\themes\university-theme\functions.php on line 14
[22-May-2020 12:14:17 UTC] PHP Warning:  PHP Startup: Unable to load dynamic library 'php_imagick.dll' (tried: C:/Users/dev/AppData/Roaming/Local/lightning-services/php-7.4.1+8/bin/win64/ext\php_imagick.dll (The specified module could not be found.), C:/Users/dev/AppData/Roaming/Local/lightning-services/php-7.4.1+8/bin/win64/ext\php_php_imagick.dll.dll (The specified module could not be found.)) in Unknown on line 0
[22-May-2020 12:14:19 UTC] PHP Warning:  PHP Startup: Unable to load dynamic library 'php_imagick.dll' (tried: C:/Users/dev/AppData/Roaming/Local/lightning-services/php-7.4.1+8/bin/win64/ext\php_imagick.dll (The specified module could not be found.), C:/Users/dev/AppData/Roaming/Local/lightning-services/php-7.4.1+8/bin/win64/ext\php_php_imagick.dll.dll (The specified module could not be found.)) in Unknown on line 0
